-------------------------------------------------------------------------------
Test set: coronavirusAPITest.UnirestTest
-------------------------------------------------------------------------------
Tests run: 2, Failures: 0, Errors: 1, Skipped: 0, Time elapsed: 24.579 sec <<< FAILURE! - in coronavirusAPITest.UnirestTest
shouldReturnAllCases(coronavirusAPITest.UnirestTest)  Time elapsed: 23.705 sec  <<< ERROR!
com.mashape.unirest.http.exceptions.UnirestException: javax.net.ssl.SSLException: Read timed out
	at java.base/sun.nio.ch.NioSocketImpl.timedRead(NioSocketImpl.java:284)
	at java.base/sun.nio.ch.NioSocketImpl.implRead(NioSocketImpl.java:310)
	at java.base/sun.nio.ch.NioSocketImpl.read(NioSocketImpl.java:351)
	at java.base/sun.nio.ch.NioSocketImpl$1.read(NioSocketImpl.java:802)
	at java.base/java.net.Socket$SocketInputStream.read(Socket.java:937)
	at java.base/sun.security.ssl.SSLSocketInputRecord.read(SSLSocketInputRecord.java:450)
	at java.base/sun.security.ssl.SSLSocketInputRecord.decode(SSLSocketInputRecord.java:165)
	at java.base/sun.security.ssl.SSLTransport.decode(SSLTransport.java:108)
	at java.base/sun.security.ssl.SSLSocketImpl.decode(SSLSocketImpl.java:1460)
	at java.base/sun.security.ssl.SSLSocketImpl.readHandshakeRecord(SSLSocketImpl.java:1368)
	at java.base/sun.security.ssl.SSLSocketImpl.startHandshake(SSLSocketImpl.java:437)
	at org.apache.http.conn.ssl.SSLConnectionSocketFactory.createLayeredSocket(SSLConnectionSocketFactory.java:394)
	at org.apache.http.conn.ssl.SSLConnectionSocketFactory.connectSocket(SSLConnectionSocketFactory.java:353)
	at org.apache.http.impl.conn.DefaultHttpClientConnectionOperator.connect(DefaultHttpClientConnectionOperator.java:141)
	at org.apache.http.impl.conn.PoolingHttpClientConnectionManager.connect(PoolingHttpClientConnectionManager.java:353)
	at org.apache.http.impl.execchain.MainClientExec.establishRoute(MainClientExec.java:380)
	at org.apache.http.impl.execchain.MainClientExec.execute(MainClientExec.java:236)
	at org.apache.http.impl.execchain.ProtocolExec.execute(ProtocolExec.java:184)
	at org.apache.http.impl.execchain.RetryExec.execute(RetryExec.java:88)
	at org.apache.http.impl.execchain.RedirectExec.execute(RedirectExec.java:110)
	at org.apache.http.impl.client.InternalHttpClient.doExecute(InternalHttpClient.java:184)
	at org.apache.http.impl.client.CloseableHttpClient.execute(CloseableHttpClient.java:82)
	at org.apache.http.impl.client.CloseableHttpClient.execute(CloseableHttpClient.java:107)
	at org.apache.http.impl.client.CloseableHttpClient.execute(CloseableHttpClient.java:55)
	at com.mashape.unirest.http.HttpClientHelper.request(HttpClientHelper.java:138)
	at com.mashape.unirest.request.BaseRequest.asJson(BaseRequest.java:68)
	at coronavirusAPITest.UnirestTest.shouldReturnAllCases(UnirestTest.java:24)

