<?xml version="1.0" encoding="UTF-8"?>
<testsuite name="coronavirusAPITest.UnirestTest" time="24.576" tests="2" errors="1" skipped="0" failures="0">
  <properties>
[...]
</properties>
  <testcase name="shouldReturnAllCases" classname="coronavirusAPITest.UnirestTest" time="23.705">
    <error message="javax.net.ssl.SSLException: Read timed out" type="com.mashape.unirest.http.exceptions.UnirestException">com.mashape.unirest.http.exceptions.UnirestException: javax.net.ssl.SSLException: Read timed out
	at java.base/sun.nio.ch.NioSocketImpl.timedRead(NioSocketImpl.java:284)
	at java.base/sun.nio.ch.NioSocketImpl.implRead(NioSocketImpl.java:310)
	at java.base/sun.nio.ch.NioSocketImpl.read(NioSocketImpl.java:351)
	at java.base/sun.nio.ch.NioSocketImpl$1.read(NioSocketImpl.java:802)
	at java.base/java.net.Socket$SocketInputStream.read(Socket.java:937)
	at java.base/sun.security.ssl.SSLSocketInputRecord.read(SSLSocketInputRecord.java:450)
	at java.base/sun.security.ssl.SSLSocketInputRecord.decode(SSLSocketInputRecord.java:165)
	at java.base/sun.security.ssl.SSLTransport.decode(SSLTransport.java:108)
	at java.base/sun.security.ssl.SSLSocketImpl.decode(SSLSocketImpl.java:1460)
	at java.base/sun.security.ssl.SSLSocketImpl.readHandshakeRecord(SSLSocketImpl.java:1368)
	at java.base/sun.security.ssl.SSLSocketImpl.startHandshake(SSLSocketImpl.java:437)
	at org.apache.http.conn.ssl.SSLConnectionSocketFactory.createLayeredSocket(SSLConnectionSocketFactory.java:394)
	at org.apache.http.conn.ssl.SSLConnectionSocketFactory.connectSocket(SSLConnectionSocketFactory.java:353)
	at org.apache.http.impl.conn.DefaultHttpClientConnectionOperator.connect(DefaultHttpClientConnectionOperator.java:141)
	at org.apache.http.impl.conn.PoolingHttpClientConnectionManager.connect(PoolingHttpClientConnectionManager.java:353)
	at org.apache.http.impl.execchain.MainClientExec.establishRoute(MainClientExec.java:380)
	at org.apache.http.impl.execchain.MainClientExec.execute(MainClientExec.java:236)
	at org.apache.http.impl.execchain.ProtocolExec.execute(ProtocolExec.java:184)
	at org.apache.http.impl.execchain.RetryExec.execute(RetryExec.java:88)
	at org.apache.http.impl.execchain.RedirectExec.execute(RedirectExec.java:110)
	at org.apache.http.impl.client.InternalHttpClient.doExecute(InternalHttpClient.java:184)
	at org.apache.http.impl.client.CloseableHttpClient.execute(CloseableHttpClient.java:82)
	at org.apache.http.impl.client.CloseableHttpClient.execute(CloseableHttpClient.java:107)
	at org.apache.http.impl.client.CloseableHttpClient.execute(CloseableHttpClient.java:55)
	at com.mashape.unirest.http.HttpClientHelper.request(HttpClientHelper.java:138)
	at com.mashape.unirest.request.BaseRequest.asJson(BaseRequest.java:68)
	at coronavirusAPITest.UnirestTest.shouldReturnAllCases(UnirestTest.java:24)
</error>
    <system-out><![CDATA[11:47:44.178 [main] DEBUG org.apache.http.client.protocol.RequestAddCookies - CookieSpec selected: default
11:47:44.191 [main] DEBUG org.apache.http.client.protocol.RequestAuthCache - Auth cache not set in the context
11:47:44.193 [main] DEBUG org.apache.http.impl.conn.PoolingHttpClientConnectionManager - Connection request: [route: {s}->https://covid-19-coronavirus-statistics.p.rapidapi.com:443][total kept alive: 0; route allocated: 0 of 20; total allocated: 0 of 200]
11:47:44.211 [main] DEBUG org.apache.http.impl.conn.PoolingHttpClientConnectionManager - Connection leased: [id: 0][route: {s}->https://covid-19-coronavirus-statistics.p.rapidapi.com:443][total kept alive: 0; route allocated: 1 of 20; total allocated: 1 of 200]
11:47:44.213 [main] DEBUG org.apache.http.impl.execchain.MainClientExec - Opening connection {s}->https://covid-19-coronavirus-statistics.p.rapidapi.com:443
11:47:44.357 [main] DEBUG org.apache.http.impl.conn.DefaultHttpClientConnectionOperator - Connecting to covid-19-coronavirus-statistics.p.rapidapi.com/54.204.252.27:443
11:47:44.357 [main] DEBUG org.apache.http.conn.ssl.SSLConnectionSocketFactory - Connecting socket to covid-19-coronavirus-statistics.p.rapidapi.com/54.204.252.27:443 with timeout 10000
11:47:44.534 [main] DEBUG org.apache.http.conn.ssl.SSLConnectionSocketFactory - Enabled protocols: [TLSv1.3, TLSv1.2, TLSv1.1, TLSv1]
11:47:44.535 [main] DEBUG org.apache.http.conn.ssl.SSLConnectionSocketFactory - Enabled cipher suites:[TLS_AES_256_GCM_SHA384, TLS_AES_128_GCM_SHA256, TLS_CHACHA20_POLY1305_SHA256, TLS_ECDHE_ECDSA_WITH_AES_256_GCM_SHA384, TLS_ECDHE_ECDSA_WITH_AES_128_GCM_SHA256, TLS_ECDHE_ECDSA_WITH_CHACHA20_POLY1305_SHA256, TLS_ECDHE_RSA_WITH_AES_256_GCM_SHA384, TLS_ECDHE_RSA_WITH_CHACHA20_POLY1305_SHA256, TLS_ECDHE_RSA_WITH_AES_128_GCM_SHA256, TLS_DHE_RSA_WITH_AES_256_GCM_SHA384, TLS_DHE_RSA_WITH_CHACHA20_POLY1305_SHA256, TLS_DHE_DSS_WITH_AES_256_GCM_SHA384, TLS_DHE_RSA_WITH_AES_128_GCM_SHA256, TLS_DHE_DSS_WITH_AES_128_GCM_SHA256, TLS_ECDHE_ECDSA_WITH_AES_256_CBC_SHA384, TLS_ECDHE_RSA_WITH_AES_256_CBC_SHA384, TLS_ECDHE_ECDSA_WITH_AES_128_CBC_SHA256, TLS_ECDHE_RSA_WITH_AES_128_CBC_SHA256, TLS_DHE_RSA_WITH_AES_256_CBC_SHA256, TLS_DHE_DSS_WITH_AES_256_CBC_SHA256, TLS_DHE_RSA_WITH_AES_128_CBC_SHA256, TLS_DHE_DSS_WITH_AES_128_CBC_SHA256, TLS_ECDH_ECDSA_WITH_AES_256_GCM_SHA384, TLS_ECDH_RSA_WITH_AES_256_GCM_SHA384, TLS_ECDH_ECDSA_WITH_AES_128_GCM_SHA256, TLS_ECDH_RSA_WITH_AES_128_GCM_SHA256, TLS_ECDH_ECDSA_WITH_AES_256_CBC_SHA384, TLS_ECDH_RSA_WITH_AES_256_CBC_SHA384, TLS_ECDH_ECDSA_WITH_AES_128_CBC_SHA256, TLS_ECDH_RSA_WITH_AES_128_CBC_SHA256, TLS_ECDHE_ECDSA_WITH_AES_256_CBC_SHA, TLS_ECDHE_RSA_WITH_AES_256_CBC_SHA, TLS_ECDHE_ECDSA_WITH_AES_128_CBC_SHA, TLS_ECDHE_RSA_WITH_AES_128_CBC_SHA, TLS_DHE_RSA_WITH_AES_256_CBC_SHA, TLS_DHE_DSS_WITH_AES_256_CBC_SHA, TLS_DHE_RSA_WITH_AES_128_CBC_SHA, TLS_DHE_DSS_WITH_AES_128_CBC_SHA, TLS_ECDH_ECDSA_WITH_AES_256_CBC_SHA, TLS_ECDH_RSA_WITH_AES_256_CBC_SHA, TLS_ECDH_ECDSA_WITH_AES_128_CBC_SHA, TLS_ECDH_RSA_WITH_AES_128_CBC_SHA, TLS_RSA_WITH_AES_256_GCM_SHA384, TLS_RSA_WITH_AES_128_GCM_SHA256, TLS_RSA_WITH_AES_256_CBC_SHA256, TLS_RSA_WITH_AES_128_CBC_SHA256, TLS_RSA_WITH_AES_256_CBC_SHA, TLS_RSA_WITH_AES_128_CBC_SHA, TLS_EMPTY_RENEGOTIATION_INFO_SCSV]
11:47:44.537 [main] DEBUG org.apache.http.conn.ssl.SSLConnectionSocketFactory - Starting handshake
11:47:48.952 [Thread-0] DEBUG org.apache.http.impl.conn.PoolingHttpClientConnectionManager - Closing expired connections
11:47:48.955 [Thread-0] DEBUG org.apache.http.impl.conn.PoolingHttpClientConnectionManager - Closing connections idle longer than 30 SECONDS
11:47:53.958 [Thread-0] DEBUG org.apache.http.impl.conn.PoolingHttpClientConnectionManager - Closing expired connections
11:47:53.958 [Thread-0] DEBUG org.apache.http.impl.conn.PoolingHttpClientConnectionManager - Closing connections idle longer than 30 SECONDS
11:47:58.961 [Thread-0] DEBUG org.apache.http.impl.conn.PoolingHttpClientConnectionManager - Closing expired connections
11:47:58.961 [Thread-0] DEBUG org.apache.http.impl.conn.PoolingHttpClientConnectionManager - Closing connections idle longer than 30 SECONDS
11:48:03.968 [Thread-0] DEBUG org.apache.http.impl.conn.PoolingHttpClientConnectionManager - Closing expired connections
11:48:03.968 [Thread-0] DEBUG org.apache.http.impl.conn.PoolingHttpClientConnectionManager - Closing connections idle longer than 30 SECONDS
11:48:06.910 [main] DEBUG org.apache.http.impl.conn.DefaultManagedHttpClientConnection - http-outgoing-0: Shutdown connection
11:48:06.910 [main] DEBUG org.apache.http.impl.execchain.MainClientExec - Connection discarded
11:48:06.911 [main] DEBUG org.apache.http.impl.conn.PoolingHttpClientConnectionManager - Connection released: [id: 0][route: {s}->https://covid-19-coronavirus-statistics.p.rapidapi.com:443][total kept alive: 0; route allocated: 0 of 20; total allocated: 0 of 200]
11:48:06.911 [main] DEBUG org.apache.http.impl.execchain.MainClientExec - Cancelling request execution
]]></system-out>
  </testcase>
  <testcase name="shouldReturnCaseByCountry" classname="coronavirusAPITest.UnirestTest" time="0.871"/>
</testsuite>